


ARM Macro Assembler    Page 1 


    1 00000000 00000040 
                       SYSCTL_RIS_PLLLRIS
                               EQU              0x40
    2 00000000 000007C0 
                       SYSCTL_RCC_XTAL_M
                               EQU              0x7C0
    3 00000000 000002C0 
                       SYSCTL_RCC_XTAL_6MHZ
                               EQU              0x2C0
    4 00000000 00000380 
                       SYSCTL_RCC_XTAL_8MHZ
                               EQU              0x380
    5 00000000 00000540 
                       SYSCTL_RCC_XTAL_16MHZ
                               EQU              0x540
    6 00000000 80000000 
                       SYSCTL_RCC2_USERCC2
                               EQU              0x80000000
    7 00000000 40000000 
                       SYSCTL_RCC2_DIV400
                               EQU              0x40000000
    8 00000000 1F800000 
                       SYSCTL_RCC2_SYSDIV2_M
                               EQU              0x1F800000
    9 00000000 00400000 
                       SYSCTL_RCC2_SYSDIV2LSB
                               EQU              0x400000
   10 00000000 00002000 
                       SYSCTL_RCC2_PWRDN2
                               EQU              0x2000
   11 00000000 00000800 
                       SYSCTL_RCC2_BYPASS2
                               EQU              0x800
   12 00000000 00000070 
                       SYSCTL_RCC2_OSCSRC2_M
                               EQU              0x70
   13 00000000 00000000 
                       SYSCTL_RCC2_OSCSRC2_MO
                               EQU              0x0
   14 00000000 04C00000 
                       BUS80MHZ
                               EQU              0x04C00000
   15 00000000 400FE060 
                       SYSCTL_RCC
                               EQU              0x400FE060
   16 00000000 400FE070 
                       SYSCTL_RCC2
                               EQU              0x400FE070
   17 00000000 400FE050 
                       SYSCTL_RIS
                               EQU              0x400FE050
   18 00000000         ;*******************************************************
                       ********
   19 00000000         ; Program section
   20 00000000         ;*******************************************************
                       ********
   21 00000000         ;LABEL  DIRECTIVE VALUE   COMMENT
   22 00000000         
   23 00000000                 AREA             routines, CODE, READONLY



ARM Macro Assembler    Page 2 


   24 00000000                 THUMB
   25 00000000                 EXPORT           CLK_Init
   26 00000000         CLK_Init
                               PROC
   27 00000000 491C            LDR              R1, =SYSCTL_RCC2
   28 00000002 6808            LDR              R0, [R1]
   29 00000004 F040 4000       ORR              R0, R0, #SYSCTL_RCC2_USERCC2
   30 00000008 6008            STR              R0, [R1]
   31 0000000A         
   32 0000000A 491A            LDR              R1, =SYSCTL_RCC2
   33 0000000C 6808            LDR              R0, [R1]
   34 0000000E F440 6000       ORR              R0, R0, #SYSCTL_RCC2_BYPASS2
   35 00000012 6008            STR              R0, [R1]
   36 00000014         
   37 00000014 4918            LDR              R1, =SYSCTL_RCC
   38 00000016 6808            LDR              R0, [R1]
   39 00000018 F420 60F8       BIC              R0, R0, #SYSCTL_RCC_XTAL_M
   40 0000001C 6008            STR              R0, [R1]
   41 0000001E         
   42 0000001E 4916            LDR              R1, =SYSCTL_RCC
   43 00000020 6808            LDR              R0, [R1]
   44 00000022 F440 60A8       ORR              R0, R0, #SYSCTL_RCC_XTAL_16MHZ
   45 00000026 6008            STR              R0, [R1]
   46 00000028         
   47 00000028 4912            LDR              R1, =SYSCTL_RCC2
   48 0000002A 6808            LDR              R0, [R1]
   49 0000002C F020 0070       BIC              R0, R0, #SYSCTL_RCC2_OSCSRC2_M
   50 00000030 6008            STR              R0, [R1]
   51 00000032         
   52 00000032 4910            LDR              R1, =SYSCTL_RCC2
   53 00000034 6808            LDR              R0, [R1]
   54 00000036 F040 0000       ORR              R0, R0, #SYSCTL_RCC2_OSCSRC2_MO
   55 0000003A 6008            STR              R0, [R1]
   56 0000003C         
   57 0000003C 490D            LDR              R1, =SYSCTL_RCC2
   58 0000003E 6808            LDR              R0, [R1]
   59 00000040 F420 5000       BIC              R0, R0, #SYSCTL_RCC2_PWRDN2
   60 00000044 6008            STR              R0, [R1]
   61 00000046         
   62 00000046 490B            LDR              R1, =SYSCTL_RCC2
   63 00000048 6808            LDR              R0, [R1]
   64 0000004A F040 4080       ORR              R0, R0, #SYSCTL_RCC2_DIV400
   65 0000004E 6008            STR              R0, [R1]
   66 00000050         
   67 00000050 4908            LDR              R1, =SYSCTL_RCC2
   68 00000052 6808            LDR              R0, [R1]
   69 00000054 F020 50FE       BIC              R0, R0, #0x1FC00000
   70 00000058 F040 6098       ORR              R0, R0, #BUS80MHZ
   71 0000005C 6008            STR              R0, [R1]
   72 0000005E         
   73 0000005E         check_pll
   74 0000005E 4907            LDR              R1, =SYSCTL_RIS
   75 00000060 6808            LDR              R0, [R1]
   76 00000062 F010 0040       ANDS             R0, R0, #SYSCTL_RIS_PLLLRIS
   77 00000066 D0FA            BEQ              check_pll
   78 00000068         
   79 00000068 4902            LDR              R1, =SYSCTL_RCC2
   80 0000006A 6808            LDR              R0, [R1]
   81 0000006C F420 6000       BIC              R0, R0, #SYSCTL_RCC2_BYPASS2



ARM Macro Assembler    Page 3 


   82 00000070 6008            STR              R0, [R1]
   83 00000072 4770            BX               LR
   84 00000074                 ENDP
   85 00000074                 ALIGN
   86 00000074                 END
              400FE070 
              400FE060 
              400FE050 
Command Line: --debug --xref --diag_suppress=9931 --cpu=Cortex-M4.fp --apcs=int
erwork --depend=.\objects\clk_init.d -o.\objects\clk_init.o -I.\RTE\_Target_1 -
IC:\Users\kuyucut\AppData\Local\Arm\Packs\Keil\TM4C_DFP\1.1.0\Device\Include\TM
4C123 -IE:\Keil\ARM\CMSIS\Include --predefine="__EVAL SETA 1" --predefine="__UV
ISION_VERSION SETA 528" --predefine="TM4C123GH6PM SETA 1" --list=.\listings\clk
_init.lst CLK_Init.s



ARM Macro Assembler    Page 1 Alphabetic symbol ordering
Relocatable symbols

CLK_Init 00000000

Symbol: CLK_Init
   Definitions
      At line 26 in file CLK_Init.s
   Uses
      At line 25 in file CLK_Init.s
Comment: CLK_Init used once
check_pll 0000005E

Symbol: check_pll
   Definitions
      At line 73 in file CLK_Init.s
   Uses
      At line 77 in file CLK_Init.s
Comment: check_pll used once
routines 00000000

Symbol: routines
   Definitions
      At line 23 in file CLK_Init.s
   Uses
      None
Comment: routines unused
3 symbols



ARM Macro Assembler    Page 1 Alphabetic symbol ordering
Absolute symbols

BUS80MHZ 04C00000

Symbol: BUS80MHZ
   Definitions
      At line 14 in file CLK_Init.s
   Uses
      At line 70 in file CLK_Init.s
Comment: BUS80MHZ used once
SYSCTL_RCC 400FE060

Symbol: SYSCTL_RCC
   Definitions
      At line 15 in file CLK_Init.s
   Uses
      At line 37 in file CLK_Init.s
      At line 42 in file CLK_Init.s

SYSCTL_RCC2 400FE070

Symbol: SYSCTL_RCC2
   Definitions
      At line 16 in file CLK_Init.s
   Uses
      At line 27 in file CLK_Init.s
      At line 32 in file CLK_Init.s
      At line 47 in file CLK_Init.s
      At line 52 in file CLK_Init.s
      At line 57 in file CLK_Init.s
      At line 62 in file CLK_Init.s
      At line 67 in file CLK_Init.s
      At line 79 in file CLK_Init.s

SYSCTL_RCC2_BYPASS2 00000800

Symbol: SYSCTL_RCC2_BYPASS2
   Definitions
      At line 11 in file CLK_Init.s
   Uses
      At line 34 in file CLK_Init.s
      At line 81 in file CLK_Init.s

SYSCTL_RCC2_DIV400 40000000

Symbol: SYSCTL_RCC2_DIV400
   Definitions
      At line 7 in file CLK_Init.s
   Uses
      At line 64 in file CLK_Init.s
Comment: SYSCTL_RCC2_DIV400 used once
SYSCTL_RCC2_OSCSRC2_M 00000070

Symbol: SYSCTL_RCC2_OSCSRC2_M
   Definitions
      At line 12 in file CLK_Init.s
   Uses
      At line 49 in file CLK_Init.s
Comment: SYSCTL_RCC2_OSCSRC2_M used once
SYSCTL_RCC2_OSCSRC2_MO 00000000




ARM Macro Assembler    Page 2 Alphabetic symbol ordering
Absolute symbols

Symbol: SYSCTL_RCC2_OSCSRC2_MO
   Definitions
      At line 13 in file CLK_Init.s
   Uses
      At line 54 in file CLK_Init.s
Comment: SYSCTL_RCC2_OSCSRC2_MO used once
SYSCTL_RCC2_PWRDN2 00002000

Symbol: SYSCTL_RCC2_PWRDN2
   Definitions
      At line 10 in file CLK_Init.s
   Uses
      At line 59 in file CLK_Init.s
Comment: SYSCTL_RCC2_PWRDN2 used once
SYSCTL_RCC2_SYSDIV2LSB 00400000

Symbol: SYSCTL_RCC2_SYSDIV2LSB
   Definitions
      At line 9 in file CLK_Init.s
   Uses
      None
Comment: SYSCTL_RCC2_SYSDIV2LSB unused
SYSCTL_RCC2_SYSDIV2_M 1F800000

Symbol: SYSCTL_RCC2_SYSDIV2_M
   Definitions
      At line 8 in file CLK_Init.s
   Uses
      None
Comment: SYSCTL_RCC2_SYSDIV2_M unused
SYSCTL_RCC2_USERCC2 80000000

Symbol: SYSCTL_RCC2_USERCC2
   Definitions
      At line 6 in file CLK_Init.s
   Uses
      At line 29 in file CLK_Init.s
Comment: SYSCTL_RCC2_USERCC2 used once
SYSCTL_RCC_XTAL_16MHZ 00000540

Symbol: SYSCTL_RCC_XTAL_16MHZ
   Definitions
      At line 5 in file CLK_Init.s
   Uses
      At line 44 in file CLK_Init.s
Comment: SYSCTL_RCC_XTAL_16MHZ used once
SYSCTL_RCC_XTAL_6MHZ 000002C0

Symbol: SYSCTL_RCC_XTAL_6MHZ
   Definitions
      At line 3 in file CLK_Init.s
   Uses
      None
Comment: SYSCTL_RCC_XTAL_6MHZ unused
SYSCTL_RCC_XTAL_8MHZ 00000380

Symbol: SYSCTL_RCC_XTAL_8MHZ
   Definitions
      At line 4 in file CLK_Init.s



ARM Macro Assembler    Page 3 Alphabetic symbol ordering
Absolute symbols

   Uses
      None
Comment: SYSCTL_RCC_XTAL_8MHZ unused
SYSCTL_RCC_XTAL_M 000007C0

Symbol: SYSCTL_RCC_XTAL_M
   Definitions
      At line 2 in file CLK_Init.s
   Uses
      At line 39 in file CLK_Init.s
Comment: SYSCTL_RCC_XTAL_M used once
SYSCTL_RIS 400FE050

Symbol: SYSCTL_RIS
   Definitions
      At line 17 in file CLK_Init.s
   Uses
      At line 74 in file CLK_Init.s
Comment: SYSCTL_RIS used once
SYSCTL_RIS_PLLLRIS 00000040

Symbol: SYSCTL_RIS_PLLLRIS
   Definitions
      At line 1 in file CLK_Init.s
   Uses
      At line 76 in file CLK_Init.s
Comment: SYSCTL_RIS_PLLLRIS used once
17 symbols
356 symbols in table
