


ARM Macro Assembler    Page 1 


    1 00000000 40025040 
                       BUTTON_L
                               EQU              0x40025040
    2 00000000 40025004 
                       BUTTON_R
                               EQU              0x40025004
    3 00000000 40025038 
                       RBG_LED EQU              0x40025038
    4 00000000 40025400 
                       GPIO_PORTF_DIR
                               EQU              0x40025400
    5 00000000 40025420 
                       GPIO_PORTF_AFSEL
                               EQU              0x40025420
    6 00000000 4002551C 
                       GPIO_PORTF_DEN
                               EQU              0x4002551C
    7 00000000 40025510 
                       GPIO_PORTF_PUR
                               EQU              0x40025510
    8 00000000 40025520 
                       GPIO_PORTF_LOCK
                               EQU              0x40025520
    9 00000000 40025524 
                       GPIO_PORTF_CR
                               EQU              0x40025524
   10 00000000 400FE608 
                       SYSCTL_RCGCGPIO
                               EQU              0x400FE608
   11 00000000         
   12 00000000 4C4F434B 
                       LOCK    EQU              0x4C4F434B
   13 00000000         
   14 00000000 00000008 
                       LED_GREEN
                               EQU              0x8
   15 00000000 00000004 
                       LED_BLUE
                               EQU              0x4
   16 00000000 00000002 
                       LED_RED EQU              0x2
   17 00000000 00000010 
                       BUTTLEFT
                               EQU              0x10
   18 00000000 00000001 
                       BUTTRIGHT
                               EQU              0x1
   19 00000000         ;*******************************************************
                       ********
   20 00000000         ; Program section
   21 00000000         ;*******************************************************
                       ********
   22 00000000         ;LABEL  DIRECTIVE VALUE   COMMENT
   23 00000000         
   24 00000000                 AREA             routines, CODE, READONLY
   25 00000000                 THUMB
   26 00000000                 EXPORT           BUTT_INIT
   27 00000000                 EXPORT           buttright
   28 00000000                 EXPORT           buttleft



ARM Macro Assembler    Page 2 


   29 00000000                 IMPORT           d100ms
   30 00000000         
   31 00000000         BUTT_INIT
                               PROC
   32 00000000 492D            LDR              R1, =SYSCTL_RCGCGPIO
   33 00000002 6808            LDR              R0, [R1]
   34 00000004 F040 0020       ORR              R0, R0, #0x20
   35 00000008 6008            STR              R0, [R1]
   36 0000000A         
   37 0000000A BF00            NOP
   38 0000000C BF00            NOP
   39 0000000E BF00            NOP
   40 00000010         
   41 00000010 492A            LDR              R1, =GPIO_PORTF_LOCK
   42 00000012 482B            LDR              R0, =LOCK   ;unlock GPIO Port F
                                                            
   43 00000014 6008            STR              R0, [R1]
   44 00000016         
   45 00000016 492B            LDR              R1, =GPIO_PORTF_CR
   46 00000018 F04F 001F       MOV              R0, #0x1F   ; allow changes to 
                                                            PF4-0
   47 0000001C 6008            STR              R0, [R1]
   48 0000001E         
   49 0000001E 492A            LDR              R1, =GPIO_PORTF_DIR
   50 00000020 6808            LDR              R0, [R1]
   51 00000022 F020 0011       BIC              R0, R0, #0x11
   52 00000026 6008            STR              R0, [R1]
   53 00000028         
   54 00000028 4928            LDR              R1, =GPIO_PORTF_AFSEL
   55 0000002A 6808            LDR              R0, [R1]
   56 0000002C F020 0011       BIC              R0, R0, #0x11
   57 00000030 6008            STR              R0, [R1]
   58 00000032         
   59 00000032 4927            LDR              R1, =GPIO_PORTF_PUR
   60 00000034 6808            LDR              R0, [R1]
   61 00000036 F040 0011       ORR              R0, R0, #0x11
   62 0000003A 6008            STR              R0, [R1]
   63 0000003C         
   64 0000003C 4925            LDR              R1, =GPIO_PORTF_DEN
   65 0000003E 6808            LDR              R0, [R1]
   66 00000040 F040 0011       ORR              R0, R0, #0x11
   67 00000044 6008            STR              R0, [R1]
   68 00000046 4770            BX               LR
   69 00000048                 ENDP
   70 00000048         
   71 00000048         buttleft
                               PROC
   72 00000048 B500            PUSH             {LR}
   73 0000004A         
   74 0000004A 4923    loopL   LDR              R1, =BUTTON_L
   75 0000004C 6808            LDR              R0, [R1]
   76 0000004E F010 0010       ANDS             R0, R0, #BUTTLEFT
   77 00000052 D1FA            BNE              loopL
   78 00000054         
   79 00000054 F7FF FFFE       BL               d100ms
   80 00000058         
   81 00000058         
   82 00000058 491F            LDR              R1, =BUTTON_L
   83 0000005A 6808            LDR              R0, [R1]



ARM Macro Assembler    Page 3 


   84 0000005C F010 0010       ANDS             R0, R0, #BUTTLEFT
   85 00000060 D1F3            BNE              loopL
   86 00000062         
   87 00000062 491D    loopL2  LDR              R1, =BUTTON_L
   88 00000064 6808            LDR              R0, [R1]
   89 00000066 F010 0010       ANDS             R0, R0, #BUTTLEFT
   90 0000006A D0FA            BEQ              loopL2
   91 0000006C         
   92 0000006C F7FF FFFE       BL               d100ms
   93 00000070         
   94 00000070         
   95 00000070 4919            LDR              R1, =BUTTON_L
   96 00000072 6808            LDR              R0, [R1]
   97 00000074 F010 0010       ANDS             R0, R0, #BUTTLEFT
   98 00000078 D0F3            BEQ              loopL2
   99 0000007A         
  100 0000007A F85D EB04       POP              {LR}
  101 0000007E 4770            BX               LR
  102 00000080                 ENDP
  103 00000080         
  104 00000080         buttright
                               PROC
  105 00000080 B500            PUSH             {LR}
  106 00000082         
  107 00000082 4916    loopR   LDR              R1, =BUTTON_R
  108 00000084 6808            LDR              R0, [R1]
  109 00000086 F010 0001       ANDS             R0, R0, #BUTTRIGHT
  110 0000008A D1FA            BNE              loopR
  111 0000008C         
  112 0000008C F7FF FFFE       BL               d100ms
  113 00000090         
  114 00000090 4912            LDR              R1, =BUTTON_R
  115 00000092 6808            LDR              R0, [R1]
  116 00000094 F010 0001       ANDS             R0, R0, #BUTTRIGHT
  117 00000098 D1F3            BNE              loopR
  118 0000009A         
  119 0000009A 4910    loopR2  LDR              R1, =BUTTON_R
  120 0000009C 6808            LDR              R0, [R1]
  121 0000009E F010 0001       ANDS             R0, R0, #BUTTRIGHT
  122 000000A2 D0FA            BEQ              loopR2
  123 000000A4         
  124 000000A4 F7FF FFFE       BL               d100ms
  125 000000A8         
  126 000000A8 490C            LDR              R1, =BUTTON_R
  127 000000AA 6808            LDR              R0, [R1]
  128 000000AC F010 0001       ANDS             R0, R0, #BUTTRIGHT
  129 000000B0 D0F3            BEQ              loopR2
  130 000000B2         
  131 000000B2 F85D EB04       POP              {LR}
  132 000000B6 4770            BX               LR
  133 000000B8                 ENDP
  134 000000B8                 ALIGN
  135 000000B8                 END
              400FE608 
              40025520 
              4C4F434B 
              40025524 
              40025400 
              40025420 



ARM Macro Assembler    Page 4 


              40025510 
              4002551C 
              40025040 
              40025004 
Command Line: --debug --xref --diag_suppress=9931 --cpu=Cortex-M4.fp --apcs=int
erwork --depend=.\objects\gpio_init.d -o.\objects\gpio_init.o -I.\RTE\_Target_1
 -IC:\Users\kuyucut\AppData\Local\Arm\Packs\Keil\TM4C_DFP\1.1.0\Device\Include\
TM4C123 -IE:\Keil\ARM\CMSIS\Include --predefine="__EVAL SETA 1" --predefine="__
UVISION_VERSION SETA 528" --predefine="TM4C123GH6PM SETA 1" --list=.\listings\g
pio_init.lst GPIO_Init.s



ARM Macro Assembler    Page 1 Alphabetic symbol ordering
Relocatable symbols

BUTT_INIT 00000000

Symbol: BUTT_INIT
   Definitions
      At line 31 in file GPIO_Init.s
   Uses
      At line 26 in file GPIO_Init.s
Comment: BUTT_INIT used once
buttleft 00000048

Symbol: buttleft
   Definitions
      At line 71 in file GPIO_Init.s
   Uses
      At line 28 in file GPIO_Init.s
Comment: buttleft used once
buttright 00000080

Symbol: buttright
   Definitions
      At line 104 in file GPIO_Init.s
   Uses
      At line 27 in file GPIO_Init.s
Comment: buttright used once
loopL 0000004A

Symbol: loopL
   Definitions
      At line 74 in file GPIO_Init.s
   Uses
      At line 77 in file GPIO_Init.s
      At line 85 in file GPIO_Init.s

loopL2 00000062

Symbol: loopL2
   Definitions
      At line 87 in file GPIO_Init.s
   Uses
      At line 90 in file GPIO_Init.s
      At line 98 in file GPIO_Init.s

loopR 00000082

Symbol: loopR
   Definitions
      At line 107 in file GPIO_Init.s
   Uses
      At line 110 in file GPIO_Init.s
      At line 117 in file GPIO_Init.s

loopR2 0000009A

Symbol: loopR2
   Definitions
      At line 119 in file GPIO_Init.s
   Uses
      At line 122 in file GPIO_Init.s
      At line 129 in file GPIO_Init.s



ARM Macro Assembler    Page 2 Alphabetic symbol ordering
Relocatable symbols


routines 00000000

Symbol: routines
   Definitions
      At line 24 in file GPIO_Init.s
   Uses
      None
Comment: routines unused
8 symbols



ARM Macro Assembler    Page 1 Alphabetic symbol ordering
Absolute symbols

BUTTLEFT 00000010

Symbol: BUTTLEFT
   Definitions
      At line 17 in file GPIO_Init.s
   Uses
      At line 76 in file GPIO_Init.s
      At line 84 in file GPIO_Init.s
      At line 89 in file GPIO_Init.s
      At line 97 in file GPIO_Init.s

BUTTON_L 40025040

Symbol: BUTTON_L
   Definitions
      At line 1 in file GPIO_Init.s
   Uses
      At line 74 in file GPIO_Init.s
      At line 82 in file GPIO_Init.s
      At line 87 in file GPIO_Init.s
      At line 95 in file GPIO_Init.s

BUTTON_R 40025004

Symbol: BUTTON_R
   Definitions
      At line 2 in file GPIO_Init.s
   Uses
      At line 107 in file GPIO_Init.s
      At line 114 in file GPIO_Init.s
      At line 119 in file GPIO_Init.s
      At line 126 in file GPIO_Init.s

BUTTRIGHT 00000001

Symbol: BUTTRIGHT
   Definitions
      At line 18 in file GPIO_Init.s
   Uses
      At line 109 in file GPIO_Init.s
      At line 116 in file GPIO_Init.s
      At line 121 in file GPIO_Init.s
      At line 128 in file GPIO_Init.s

GPIO_PORTF_AFSEL 40025420

Symbol: GPIO_PORTF_AFSEL
   Definitions
      At line 5 in file GPIO_Init.s
   Uses
      At line 54 in file GPIO_Init.s
Comment: GPIO_PORTF_AFSEL used once
GPIO_PORTF_CR 40025524

Symbol: GPIO_PORTF_CR
   Definitions
      At line 9 in file GPIO_Init.s
   Uses
      At line 45 in file GPIO_Init.s



ARM Macro Assembler    Page 2 Alphabetic symbol ordering
Absolute symbols

Comment: GPIO_PORTF_CR used once
GPIO_PORTF_DEN 4002551C

Symbol: GPIO_PORTF_DEN
   Definitions
      At line 6 in file GPIO_Init.s
   Uses
      At line 64 in file GPIO_Init.s
Comment: GPIO_PORTF_DEN used once
GPIO_PORTF_DIR 40025400

Symbol: GPIO_PORTF_DIR
   Definitions
      At line 4 in file GPIO_Init.s
   Uses
      At line 49 in file GPIO_Init.s
Comment: GPIO_PORTF_DIR used once
GPIO_PORTF_LOCK 40025520

Symbol: GPIO_PORTF_LOCK
   Definitions
      At line 8 in file GPIO_Init.s
   Uses
      At line 41 in file GPIO_Init.s
Comment: GPIO_PORTF_LOCK used once
GPIO_PORTF_PUR 40025510

Symbol: GPIO_PORTF_PUR
   Definitions
      At line 7 in file GPIO_Init.s
   Uses
      At line 59 in file GPIO_Init.s
Comment: GPIO_PORTF_PUR used once
LED_BLUE 00000004

Symbol: LED_BLUE
   Definitions
      At line 15 in file GPIO_Init.s
   Uses
      None
Comment: LED_BLUE unused
LED_GREEN 00000008

Symbol: LED_GREEN
   Definitions
      At line 14 in file GPIO_Init.s
   Uses
      None
Comment: LED_GREEN unused
LED_RED 00000002

Symbol: LED_RED
   Definitions
      At line 16 in file GPIO_Init.s
   Uses
      None
Comment: LED_RED unused
LOCK 4C4F434B




ARM Macro Assembler    Page 3 Alphabetic symbol ordering
Absolute symbols

Symbol: LOCK
   Definitions
      At line 12 in file GPIO_Init.s
   Uses
      At line 42 in file GPIO_Init.s
Comment: LOCK used once
RBG_LED 40025038

Symbol: RBG_LED
   Definitions
      At line 3 in file GPIO_Init.s
   Uses
      None
Comment: RBG_LED unused
SYSCTL_RCGCGPIO 400FE608

Symbol: SYSCTL_RCGCGPIO
   Definitions
      At line 10 in file GPIO_Init.s
   Uses
      At line 32 in file GPIO_Init.s
Comment: SYSCTL_RCGCGPIO used once
16 symbols



ARM Macro Assembler    Page 1 Alphabetic symbol ordering
External symbols

d100ms 00000000

Symbol: d100ms
   Definitions
      At line 29 in file GPIO_Init.s
   Uses
      At line 79 in file GPIO_Init.s
      At line 92 in file GPIO_Init.s
      At line 112 in file GPIO_Init.s
      At line 124 in file GPIO_Init.s

1 symbol
361 symbols in table
