


ARM Macro Assembler    Page 1 


    1 00000000 40025038 
                       RBG_LED EQU              0x40025038
    2 00000000 40025400 
                       GPIO_PORTF_DIR
                               EQU              0x40025400
    3 00000000 40025420 
                       GPIO_PORTF_AFSEL
                               EQU              0x40025420
    4 00000000 4002551C 
                       GPIO_PORTF_DEN
                               EQU              0x4002551C
    5 00000000 400FE608 
                       SYSCTL_RCGCGPIO
                               EQU              0x400FE608
    6 00000000         
    7 00000000 00000008 
                       LED_GREEN
                               EQU              0x8
    8 00000000 00000004 
                       LED_BLUE
                               EQU              0x4
    9 00000000 00000002 
                       LED_RED EQU              0x2
   10 00000000         
   11 00000000         ;*******************************************************
                       ********
   12 00000000         ; Program section
   13 00000000         ;*******************************************************
                       ********
   14 00000000         ;LABEL  DIRECTIVE VALUE   COMMENT
   15 00000000         
   16 00000000                 AREA             routines, CODE, READONLY
   17 00000000                 THUMB
   18 00000000                 EXPORT           LED_INIT
   19 00000000                 EXPORT           RLEDON
   20 00000000                 EXPORT           GLEDON
   21 00000000                 EXPORT           BLEDON
   22 00000000         
   23 00000000         LED_INIT
                               PROC
   24 00000000 4913            LDR              R1, =SYSCTL_RCGCGPIO
   25 00000002 6808            LDR              R0, [R1]
   26 00000004 F040 0020       ORR              R0, R0, #0x20
   27 00000008 6008            STR              R0, [R1]
   28 0000000A         
   29 0000000A BF00            NOP
   30 0000000C BF00            NOP
   31 0000000E BF00            NOP
   32 00000010         
   33 00000010 4910            LDR              R1, =GPIO_PORTF_DIR
   34 00000012 6808            LDR              R0, [R1]
   35 00000014 F040 000E       ORR              R0, R0, #0x0E
   36 00000018 6008            STR              R0, [R1]
   37 0000001A         
   38 0000001A 490F            LDR              R1, =GPIO_PORTF_AFSEL
   39 0000001C 6808            LDR              R0, [R1]
   40 0000001E F020 000E       BIC              R0, R0, #0x0E
   41 00000022 6008            STR              R0, [R1]
   42 00000024         



ARM Macro Assembler    Page 2 


   43 00000024 490D            LDR              R1, =GPIO_PORTF_DEN
   44 00000026 6808            LDR              R0, [R1]
   45 00000028 F040 000E       ORR              R0, R0, #0x0E
   46 0000002C 6008            STR              R0, [R1]
   47 0000002E 4770            BX               LR
   48 00000030                 ENDP
   49 00000030         
   50 00000030         
   51 00000030         RLEDON  PROC
   52 00000030 490B            LDR              R1, =RBG_LED
   53 00000032 F04F 0002       MOV              R0, #LED_RED
   54 00000036 6008            STR              R0, [R1]
   55 00000038 4770            BX               LR
   56 0000003A                 ENDP
   57 0000003A         
   58 0000003A         BLEDON  PROC
   59 0000003A 4909            LDR              R1, =RBG_LED
   60 0000003C F04F 0004       MOV              R0, #LED_BLUE
   61 00000040 6008            STR              R0, [R1]
   62 00000042 4770            BX               LR
   63 00000044                 ENDP
   64 00000044         
   65 00000044         GLEDON  PROC
   66 00000044 4906            LDR              R1, =RBG_LED
   67 00000046 F04F 0008       MOV              R0, #LED_GREEN
   68 0000004A 6008            STR              R0, [R1]
   69 0000004C 4770            BX               LR
   70 0000004E                 ENDP
   71 0000004E         
   72 0000004E 00 00           ALIGN
   73 00000050                 END
              400FE608 
              40025400 
              40025420 
              4002551C 
              40025038 
Command Line: --debug --xref --diag_suppress=9931 --cpu=Cortex-M4.fp --apcs=int
erwork --depend=.\objects\led_init.d -o.\objects\led_init.o -I.\RTE\_Target_1 -
IC:\Users\kuyucut\AppData\Local\Arm\Packs\Keil\TM4C_DFP\1.1.0\Device\Include\TM
4C123 -IE:\Keil\ARM\CMSIS\Include --predefine="__EVAL SETA 1" --predefine="__UV
ISION_VERSION SETA 528" --predefine="TM4C123GH6PM SETA 1" --list=.\listings\led
_init.lst LED_Init.s



ARM Macro Assembler    Page 1 Alphabetic symbol ordering
Relocatable symbols

BLEDON 0000003A

Symbol: BLEDON
   Definitions
      At line 58 in file LED_Init.s
   Uses
      At line 21 in file LED_Init.s
Comment: BLEDON used once
GLEDON 00000044

Symbol: GLEDON
   Definitions
      At line 65 in file LED_Init.s
   Uses
      At line 20 in file LED_Init.s
Comment: GLEDON used once
LED_INIT 00000000

Symbol: LED_INIT
   Definitions
      At line 23 in file LED_Init.s
   Uses
      At line 18 in file LED_Init.s
Comment: LED_INIT used once
RLEDON 00000030

Symbol: RLEDON
   Definitions
      At line 51 in file LED_Init.s
   Uses
      At line 19 in file LED_Init.s
Comment: RLEDON used once
routines 00000000

Symbol: routines
   Definitions
      At line 16 in file LED_Init.s
   Uses
      None
Comment: routines unused
5 symbols



ARM Macro Assembler    Page 1 Alphabetic symbol ordering
Absolute symbols

GPIO_PORTF_AFSEL 40025420

Symbol: GPIO_PORTF_AFSEL
   Definitions
      At line 3 in file LED_Init.s
   Uses
      At line 38 in file LED_Init.s
Comment: GPIO_PORTF_AFSEL used once
GPIO_PORTF_DEN 4002551C

Symbol: GPIO_PORTF_DEN
   Definitions
      At line 4 in file LED_Init.s
   Uses
      At line 43 in file LED_Init.s
Comment: GPIO_PORTF_DEN used once
GPIO_PORTF_DIR 40025400

Symbol: GPIO_PORTF_DIR
   Definitions
      At line 2 in file LED_Init.s
   Uses
      At line 33 in file LED_Init.s
Comment: GPIO_PORTF_DIR used once
LED_BLUE 00000004

Symbol: LED_BLUE
   Definitions
      At line 8 in file LED_Init.s
   Uses
      At line 60 in file LED_Init.s
Comment: LED_BLUE used once
LED_GREEN 00000008

Symbol: LED_GREEN
   Definitions
      At line 7 in file LED_Init.s
   Uses
      At line 67 in file LED_Init.s
Comment: LED_GREEN used once
LED_RED 00000002

Symbol: LED_RED
   Definitions
      At line 9 in file LED_Init.s
   Uses
      At line 53 in file LED_Init.s
Comment: LED_RED used once
RBG_LED 40025038

Symbol: RBG_LED
   Definitions
      At line 1 in file LED_Init.s
   Uses
      At line 52 in file LED_Init.s
      At line 59 in file LED_Init.s
      At line 66 in file LED_Init.s

SYSCTL_RCGCGPIO 400FE608



ARM Macro Assembler    Page 2 Alphabetic symbol ordering
Absolute symbols


Symbol: SYSCTL_RCGCGPIO
   Definitions
      At line 5 in file LED_Init.s
   Uses
      At line 24 in file LED_Init.s
Comment: SYSCTL_RCGCGPIO used once
8 symbols
349 symbols in table
