


ARM Macro Assembler    Page 1 


    1 00000000         ;*******************************************************
                       ********
    2 00000000         ; Program section
    3 00000000         ;*******************************************************
                       ********
    4 00000000         ;LABEL  DIRECTIVE VALUE   COMMENT
    5 00000000                 AREA             main, READONLY, CODE
    6 00000000                 THUMB
    7 00000000         
    8 00000000                 EXPORT           __main
    9 00000000                 IMPORT           I2C_Init
   10 00000000                 IMPORT           Timer2_Init
   11 00000000                 IMPORT           ADC_Init
   12 00000000                 IMPORT           Timer3_Init
   13 00000000                 IMPORT           Timer2_Run
   14 00000000                 IMPORT           Timer3_Run
   15 00000000                 IMPORT           CLK_Init
   16 00000000                 IMPORT           ADC2_Init
   17 00000000                 IMPORT           ADC_Sample
   18 00000000                 IMPORT           BUTT_INIT
   19 00000000                 IMPORT           buttright
   20 00000000                 IMPORT           buttleft
   21 00000000                 IMPORT           LED_INIT
   22 00000000                 IMPORT           RLEDON
   23 00000000                 IMPORT           GLEDON
   24 00000000                 IMPORT           BLEDON
   25 00000000         
   26 00000000         __main
   27 00000000 F7FF FFFE       BL               CLK_Init    ;Clock Initializati
                                                            on
   28 00000004 F7FF FFFE       BL               BUTT_INIT   ;Button initializat
                                                            ion
   29 00000008 F7FF FFFE       BL               LED_INIT    ;Led Initialization
                                                            
   30 0000000C F7FF FFFE       BL               Timer2_Init ;Timer 2 Initializa
                                                            tion(Playing)
   31 00000010 F7FF FFFE       BL               Timer3_Init ;Timer 3 Initializa
                                                            tion(Sampling)
   32 00000014 F7FF FFFE       BL               I2C_Init    ;I2C Initialization
                                                            
   33 00000018 F7FF FFFE       BL               ADC_Init    ;ADC0 Initializatio
                                                            n(Sampling)
   34 0000001C F7FF FFFE       BL               ADC2_Init   ;ADC1 Initializatio
                                                            n(Play rate setting
                                                            )
   35 00000020         
   36 00000020 F7FF FFFE       BL               BLEDON      ;Blue led lights
   37 00000024 F7FF FFFE       BL               buttleft    ;Check for left but
                                                            ton pressed, after 
                                                            pressed it returns
   38 00000028 F7FF FFFE       BL               RLEDON      ;Red led lights 
   39 0000002C F04F 0600       MOV              R6, #0x0    ;Used for waiting u
                                                            ntil sampling ends
   40 00000030 F04F 0700       MOV              R7, #0x0    ;Used for waiting u
                                                            ntil sampling ends
   41 00000034 F7FF FFFE       BL               Timer3_Run  ;Start sampling
   42 00000038 42BE    cmplt1  CMP              R6,R7       ;Check for R6 chang
                                                            ed or not
   43 0000003A D0FD            BEQ              cmplt1      ;Loop until R6 chan



ARM Macro Assembler    Page 2 


                                                            ges
   44 0000003C F7FF FFFE       BL               BLEDON      ;Blue led lights
   45 00000040 F7FF FFFE       BL               buttright   ;Check for rigth bu
                                                            tton pressed, after
                                                             pressed it returns
                                                            
   46 00000044 F7FF FFFE       BL               GLEDON      ;Green led lights
   47 00000048 F7FF FFFE 
                       loop    BL               Timer2_Run  ;Start play
   48 0000004C F04F 0600       MOV              R6, #0x0    ;Set R6 to 0 for ch
                                                            eck whether play op
                                                            eration ends
   49 00000050 F04F 0700       MOV              R7, #0x0    ;Set R7 to 0 for ch
                                                            eck whether play op
                                                            eration ends
   50 00000054 42BE    cmplt2  CMP              R6,R7       ;Check for R6 chang
                                                            ed or not
   51 00000056 D0FD            BEQ              cmplt2      ;Loop until R6 chan
                                                            ges
   52 00000058 E7F6            B                loop        ;Replay
   53 0000005A BF30    done    WFI                          ; Infinite loop to
   54 0000005C E7FD            B                done        ; end program
   55 0000005E 00 00           ALIGN
   56 00000060                 END
Command Line: --debug --xref --diag_suppress=9931 --cpu=Cortex-M4.fp --apcs=int
erwork --depend=.\objects\main.d -o.\objects\main.o -I.\RTE\_Target_1 -IC:\User
s\kuyucut\AppData\Local\Arm\Packs\Keil\TM4C_DFP\1.1.0\Device\Include\TM4C123 -I
E:\Keil\ARM\CMSIS\Include --predefine="__EVAL SETA 1" --predefine="__UVISION_VE
RSION SETA 528" --predefine="TM4C123GH6PM SETA 1" --list=.\listings\main.lst Ma
in.s



ARM Macro Assembler    Page 1 Alphabetic symbol ordering
Relocatable symbols

__main 00000000

Symbol: __main
   Definitions
      At line 26 in file Main.s
   Uses
      At line 8 in file Main.s
Comment: __main used once
cmplt1 00000038

Symbol: cmplt1
   Definitions
      At line 42 in file Main.s
   Uses
      At line 43 in file Main.s
Comment: cmplt1 used once
cmplt2 00000054

Symbol: cmplt2
   Definitions
      At line 50 in file Main.s
   Uses
      At line 51 in file Main.s
Comment: cmplt2 used once
done 0000005A

Symbol: done
   Definitions
      At line 53 in file Main.s
   Uses
      At line 54 in file Main.s
Comment: done used once
loop 00000048

Symbol: loop
   Definitions
      At line 47 in file Main.s
   Uses
      At line 52 in file Main.s
Comment: loop used once
main 00000000

Symbol: main
   Definitions
      At line 5 in file Main.s
   Uses
      None
Comment: main unused
6 symbols



ARM Macro Assembler    Page 1 Alphabetic symbol ordering
External symbols

ADC2_Init 00000000

Symbol: ADC2_Init
   Definitions
      At line 16 in file Main.s
   Uses
      At line 34 in file Main.s
Comment: ADC2_Init used once
ADC_Init 00000000

Symbol: ADC_Init
   Definitions
      At line 11 in file Main.s
   Uses
      At line 33 in file Main.s
Comment: ADC_Init used once
ADC_Sample 00000000

Symbol: ADC_Sample
   Definitions
      At line 17 in file Main.s
   Uses
      None
Comment: ADC_Sample unused
BLEDON 00000000

Symbol: BLEDON
   Definitions
      At line 24 in file Main.s
   Uses
      At line 36 in file Main.s
      At line 44 in file Main.s

BUTT_INIT 00000000

Symbol: BUTT_INIT
   Definitions
      At line 18 in file Main.s
   Uses
      At line 28 in file Main.s
Comment: BUTT_INIT used once
CLK_Init 00000000

Symbol: CLK_Init
   Definitions
      At line 15 in file Main.s
   Uses
      At line 27 in file Main.s
Comment: CLK_Init used once
GLEDON 00000000

Symbol: GLEDON
   Definitions
      At line 23 in file Main.s
   Uses
      At line 46 in file Main.s
Comment: GLEDON used once
I2C_Init 00000000




ARM Macro Assembler    Page 2 Alphabetic symbol ordering
External symbols

Symbol: I2C_Init
   Definitions
      At line 9 in file Main.s
   Uses
      At line 32 in file Main.s
Comment: I2C_Init used once
LED_INIT 00000000

Symbol: LED_INIT
   Definitions
      At line 21 in file Main.s
   Uses
      At line 29 in file Main.s
Comment: LED_INIT used once
RLEDON 00000000

Symbol: RLEDON
   Definitions
      At line 22 in file Main.s
   Uses
      At line 38 in file Main.s
Comment: RLEDON used once
Timer2_Init 00000000

Symbol: Timer2_Init
   Definitions
      At line 10 in file Main.s
   Uses
      At line 30 in file Main.s
Comment: Timer2_Init used once
Timer2_Run 00000000

Symbol: Timer2_Run
   Definitions
      At line 13 in file Main.s
   Uses
      At line 47 in file Main.s
Comment: Timer2_Run used once
Timer3_Init 00000000

Symbol: Timer3_Init
   Definitions
      At line 12 in file Main.s
   Uses
      At line 31 in file Main.s
Comment: Timer3_Init used once
Timer3_Run 00000000

Symbol: Timer3_Run
   Definitions
      At line 14 in file Main.s
   Uses
      At line 41 in file Main.s
Comment: Timer3_Run used once
buttleft 00000000

Symbol: buttleft
   Definitions
      At line 20 in file Main.s



ARM Macro Assembler    Page 3 Alphabetic symbol ordering
External symbols

   Uses
      At line 37 in file Main.s
Comment: buttleft used once
buttright 00000000

Symbol: buttright
   Definitions
      At line 19 in file Main.s
   Uses
      At line 45 in file Main.s
Comment: buttright used once
16 symbols
356 symbols in table
