


ARM Macro Assembler    Page 1 


    1 00000000         ;Timer2 Registers
    2 00000000 40032000 
                       TIMER2_CFG
                               EQU              0x40032000
    3 00000000 40032004 
                       TIMER2_TAMR
                               EQU              0x40032004
    4 00000000 4003200C 
                       TIMER2_CTL
                               EQU              0x4003200C
    5 00000000 40032018 
                       TIMER2_IMR
                               EQU              0x40032018
    6 00000000 4003201C 
                       TIMER2_RIS
                               EQU              0x4003201C
    7 00000000 40032020 
                       TIMER2_MIS
                               EQU              0x40032020
    8 00000000 40032024 
                       TIMER2_ICR
                               EQU              0x40032024
    9 00000000 40032028 
                       TIMER2_TAILR
                               EQU              0x40032028
   10 00000000 40032048 
                       TIMER2_TAR
                               EQU              0x40032048
   11 00000000 40032050 
                       TIMER2_TAV
                               EQU              0x40032050
   12 00000000         
   13 00000000         ;System Registers
   14 00000000 400FE608 
                       SYSCTL_RCGCGPIO
                               EQU              0x400FE608  ; GPIO Gate Control
                                                            
   15 00000000 400FE604 
                       SYSCTL_RCGCTIMER
                               EQU              0x400FE604  ; GPIO Gate Control
                                                            
   16 00000000 E000E100 
                       NVICINT0
                               EQU              0xE000E100  ;0-31
   17 00000000         
   18 00000000 20000500 
                       MEMORY_START
                               EQU              0x20000500
   19 00000000 20007FF0 
                       MEMORY_END
                               EQU              0x20007FF0  ;0x200062C0
   20 00000000         
   21 00000000         ;*******************************************************
                       ********
   22 00000000         ; Program section
   23 00000000         ;*******************************************************
                       ********
   24 00000000         ;LABEL  DIRECTIVE VALUE   COMMENT
   25 00000000         



ARM Macro Assembler    Page 2 


   26 00000000                 AREA             routines, CODE, READONLY
   27 00000000                 THUMB
   28 00000000                 EXPORT           Timer2_Init ; Timer2 initializa
                                                            tion
   29 00000000                 EXPORT           Timer2_Run  ; Timer2 starts to 
                                                            play recorded sound
                                                            
   30 00000000                 EXPORT           TM2_Handler ; Play subroutine
   31 00000000                 IMPORT           Write_I2C   ; Send a sample to 
                                                            the DAC
   32 00000000                 IMPORT           ADC_Sample  ; Get a reading fro
                                                            m ADC in order to c
                                                            hange the period of
                                                             timer2
   33 00000000         
   34 00000000         Timer2_Init
                               PROC
   35 00000000 492D            LDR              R1, =SYSCTL_RCGCTIMER 
                                                            ; start timer Clock
                                                            
   36 00000002 6808            LDR              R0, [R1]
   37 00000004 F040 0004       ORR              R0, R0, #0x4 ; set bit 2
   38 00000008 6008            STR              R0, [R1]
   39 0000000A         
   40 0000000A 492C            LDR              R1, =NVICINT0 ; Enable interrup
                                                            t for timer2
   41 0000000C 6808            LDR              R0, [R1]
   42 0000000E F440 0000       ORR              R0, R0, #0x800000 ; set bit 23
   43 00000012 6008            STR              R0, [R1]
   44 00000014         
   45 00000014 BF00            NOP
   46 00000016 BF00            NOP
   47 00000018 BF00            NOP
   48 0000001A BF00            NOP
   49 0000001C BF00            NOP
   50 0000001E         
   51 0000001E 4928            LDR              R1, =TIMER2_CTL ; Stop timer
   52 00000020 6808            LDR              R0, [R1]
   53 00000022 F020 0001       BIC              R0, R0, #0x1 ; clear bit 0
   54 00000026 6008            STR              R0, [R1]
   55 00000028         
   56 00000028 4925            LDR              R1, =TIMER2_CTL 
                                                            ; Set stall timer
   57 0000002A 6808            LDR              R0, [R1]
   58 0000002C F040 0002       ORR              R0, R0, #0x2 ; set bit 1
   59 00000030 6008            STR              R0, [R1]
   60 00000032         
   61 00000032 4924            LDR              R1, =TIMER2_CFG ; Set 16 bit
   62 00000034 F04F 0004       MOV              R0, #0x4    ; set bit 2
   63 00000038 6008            STR              R0, [R1]
   64 0000003A         
   65 0000003A 4923            LDR              R1, =TIMER2_TAMR ; Set periodic
                                                             down counter
   66 0000003C F04F 0002       MOV              R0, #0x2    ; set bit 1
   67 00000040 6008            STR              R0, [R1]
   68 00000042         
   69 00000042 4922            LDR              R1, =TIMER2_TAILR ; Set frequen
                                                            cy to 10 kHz for in
                                                            itial sampling rate



ARM Macro Assembler    Page 3 


                                                            
   70 00000044 F44F 60FA       MOV              R0, #2000   ; set 2000 clock as
                                                             period
   71 00000048 6008            STR              R0, [R1]
   72 0000004A         
   73 0000004A 4921            LDR              R1, =TIMER2_IMR ; Set interrupt
                                                             mask for timeout
   74 0000004C 6808            LDR              R0, [R1]
   75 0000004E F040 0001       ORR              R0, R0, #0x1 ; set bit 0
   76 00000052 6008            STR              R0, [R1]
   77 00000054 4770            BX               LR
   78 00000056                 ENDP
   79 00000056         
   80 00000056         Timer2_Run
                               PROC
   81 00000056 B403            PUSH             {R0-R1}
   82 00000058         
   83 00000058 F8DF A078       LDR              R10, =MEMORY_START
   84 0000005C         
   85 0000005C 4918            LDR              R1, =TIMER2_CTL ; Start timer
   86 0000005E 6808            LDR              R0, [R1]
   87 00000060 F040 0001       ORR              R0, R0, #0x1 ; set bit 0
   88 00000064 6008            STR              R0, [R1]
   89 00000066         
   90 00000066 BC03            POP              {R0-R1}
   91 00000068 4770            BX               LR
   92 0000006A                 ENDP
   93 0000006A         
   94 0000006A         TM2_Handler
                               PROC
   95 0000006A B500            PUSH             {LR}
   96 0000006C         
   97 0000006C 491A            LDR              R1, =TIMER2_ICR 
                                                            ;Cleat interrupt 
   98 0000006E 6808            LDR              R0, [R1]
   99 00000070 F04F 0001       MOV              R0, #0x1    ; clear bit 0
  100 00000074 6008            STR              R0, [R1]
  101 00000076         
  102 00000076 F7FF FFFE       BL               ADC_Sample  ;Get a sample from 
                                                            ADC and map it acco
                                                            rding to 2-10 kHz
  103 0000007A         
  104 0000007A 4911            LDR              R1, =TIMER2_CTL ; Stop timer
  105 0000007C 6808            LDR              R0, [R1]
  106 0000007E F020 0001       BIC              R0, R0, #0x1 ; clear bit 0
  107 00000082 6008            STR              R0, [R1]
  108 00000084         
  109 00000084 4911            LDR              R1, =TIMER2_TAILR ; Set the tim
                                                            er period
  110 00000086 F8C1 8000       STR              R8, [R1]    ; R8 is set by ADC_
                                                            Sample subroutine
  111 0000008A         
  112 0000008A 490D            LDR              R1, =TIMER2_CTL ; Start timer
  113 0000008C 6808            LDR              R0, [R1]
  114 0000008E F040 0001       ORR              R0, R0, #0x1 ; set bit 0
  115 00000092 6008            STR              R0, [R1]
  116 00000094         
  117 00000094 F7FF FFFE       BL               Write_I2C   ;Send a sample from
                                                             memory pointed by 



ARM Macro Assembler    Page 4 


                                                            R10
  118 00000098         
  119 00000098 4810            LDR              R0, =MEMORY_END
  120 0000009A 4550            CMP              R0, R10     ;Compare if memory 
                                                            pointer reached to 
                                                            end
  121 0000009C D108            BNE              not_fin     ;If not reached ret
                                                            urn from subroutine
                                                            
  122 0000009E         ;Else
  123 0000009E 4908            LDR              R1, =TIMER2_CTL ; Stop timer
  124 000000A0 6808            LDR              R0, [R1]
  125 000000A2 F020 0001       BIC              R0, R0, #0x1 ; clear bit 0
  126 000000A6 6008            STR              R0, [R1]
  127 000000A8         
  128 000000A8 F8DF A028       LDR              R10, =MEMORY_START ;Refresh mem
                                                            ory pointer to the 
                                                            initial byte
  129 000000AC F04F 0605       MOV              R6, #0x5    ;Set R6 to a differ
                                                            ent value other tha
                                                            n 0x0 to let flow i
                                                            n the main
  130 000000B0         
  131 000000B0 F85D EB04 
                       not_fin POP              {LR}
  132 000000B4 4770            BX               LR
  133 000000B6                 ENDP
  134 000000B6         
  135 000000B6 00 00           ALIGN
  136 000000B8                 END
              400FE604 
              E000E100 
              4003200C 
              40032000 
              40032004 
              40032028 
              40032018 
              20000500 
              40032024 
              20007FF0 
Command Line: --debug --xref --diag_suppress=9931 --cpu=Cortex-M4.fp --apcs=int
erwork --depend=.\objects\timer2_init.d -o.\objects\timer2_init.o -I.\RTE\_Targ
et_1 -IC:\Users\kuyucut\AppData\Local\Arm\Packs\Keil\TM4C_DFP\1.1.0\Device\Incl
ude\TM4C123 -IE:\Keil\ARM\CMSIS\Include --predefine="__EVAL SETA 1" --predefine
="__UVISION_VERSION SETA 528" --predefine="TM4C123GH6PM SETA 1" --list=.\listin
gs\timer2_init.lst Timer2_Init.s



ARM Macro Assembler    Page 1 Alphabetic symbol ordering
Relocatable symbols

TM2_Handler 0000006A

Symbol: TM2_Handler
   Definitions
      At line 94 in file Timer2_Init.s
   Uses
      At line 30 in file Timer2_Init.s
Comment: TM2_Handler used once
Timer2_Init 00000000

Symbol: Timer2_Init
   Definitions
      At line 34 in file Timer2_Init.s
   Uses
      At line 28 in file Timer2_Init.s
Comment: Timer2_Init used once
Timer2_Run 00000056

Symbol: Timer2_Run
   Definitions
      At line 80 in file Timer2_Init.s
   Uses
      At line 29 in file Timer2_Init.s
Comment: Timer2_Run used once
not_fin 000000B0

Symbol: not_fin
   Definitions
      At line 131 in file Timer2_Init.s
   Uses
      At line 121 in file Timer2_Init.s
Comment: not_fin used once
routines 00000000

Symbol: routines
   Definitions
      At line 26 in file Timer2_Init.s
   Uses
      None
Comment: routines unused
5 symbols



ARM Macro Assembler    Page 1 Alphabetic symbol ordering
Absolute symbols

MEMORY_END 20007FF0

Symbol: MEMORY_END
   Definitions
      At line 19 in file Timer2_Init.s
   Uses
      At line 119 in file Timer2_Init.s
Comment: MEMORY_END used once
MEMORY_START 20000500

Symbol: MEMORY_START
   Definitions
      At line 18 in file Timer2_Init.s
   Uses
      At line 83 in file Timer2_Init.s
      At line 128 in file Timer2_Init.s

NVICINT0 E000E100

Symbol: NVICINT0
   Definitions
      At line 16 in file Timer2_Init.s
   Uses
      At line 40 in file Timer2_Init.s
Comment: NVICINT0 used once
SYSCTL_RCGCGPIO 400FE608

Symbol: SYSCTL_RCGCGPIO
   Definitions
      At line 14 in file Timer2_Init.s
   Uses
      None
Comment: SYSCTL_RCGCGPIO unused
SYSCTL_RCGCTIMER 400FE604

Symbol: SYSCTL_RCGCTIMER
   Definitions
      At line 15 in file Timer2_Init.s
   Uses
      At line 35 in file Timer2_Init.s
Comment: SYSCTL_RCGCTIMER used once
TIMER2_CFG 40032000

Symbol: TIMER2_CFG
   Definitions
      At line 2 in file Timer2_Init.s
   Uses
      At line 61 in file Timer2_Init.s
Comment: TIMER2_CFG used once
TIMER2_CTL 4003200C

Symbol: TIMER2_CTL
   Definitions
      At line 4 in file Timer2_Init.s
   Uses
      At line 51 in file Timer2_Init.s
      At line 56 in file Timer2_Init.s
      At line 85 in file Timer2_Init.s
      At line 104 in file Timer2_Init.s



ARM Macro Assembler    Page 2 Alphabetic symbol ordering
Absolute symbols

      At line 112 in file Timer2_Init.s
      At line 123 in file Timer2_Init.s

TIMER2_ICR 40032024

Symbol: TIMER2_ICR
   Definitions
      At line 8 in file Timer2_Init.s
   Uses
      At line 97 in file Timer2_Init.s
Comment: TIMER2_ICR used once
TIMER2_IMR 40032018

Symbol: TIMER2_IMR
   Definitions
      At line 5 in file Timer2_Init.s
   Uses
      At line 73 in file Timer2_Init.s
Comment: TIMER2_IMR used once
TIMER2_MIS 40032020

Symbol: TIMER2_MIS
   Definitions
      At line 7 in file Timer2_Init.s
   Uses
      None
Comment: TIMER2_MIS unused
TIMER2_RIS 4003201C

Symbol: TIMER2_RIS
   Definitions
      At line 6 in file Timer2_Init.s
   Uses
      None
Comment: TIMER2_RIS unused
TIMER2_TAILR 40032028

Symbol: TIMER2_TAILR
   Definitions
      At line 9 in file Timer2_Init.s
   Uses
      At line 69 in file Timer2_Init.s
      At line 109 in file Timer2_Init.s

TIMER2_TAMR 40032004

Symbol: TIMER2_TAMR
   Definitions
      At line 3 in file Timer2_Init.s
   Uses
      At line 65 in file Timer2_Init.s
Comment: TIMER2_TAMR used once
TIMER2_TAR 40032048

Symbol: TIMER2_TAR
   Definitions
      At line 10 in file Timer2_Init.s
   Uses
      None



ARM Macro Assembler    Page 3 Alphabetic symbol ordering
Absolute symbols

Comment: TIMER2_TAR unused
TIMER2_TAV 40032050

Symbol: TIMER2_TAV
   Definitions
      At line 11 in file Timer2_Init.s
   Uses
      None
Comment: TIMER2_TAV unused
15 symbols



ARM Macro Assembler    Page 1 Alphabetic symbol ordering
External symbols

ADC_Sample 00000000

Symbol: ADC_Sample
   Definitions
      At line 32 in file Timer2_Init.s
   Uses
      At line 102 in file Timer2_Init.s
Comment: ADC_Sample used once
Write_I2C 00000000

Symbol: Write_I2C
   Definitions
      At line 31 in file Timer2_Init.s
   Uses
      At line 117 in file Timer2_Init.s
Comment: Write_I2C used once
2 symbols
358 symbols in table
